\BOOKMARK [0][]{chapter.1}{Introduction To Organisation}{}% 1
\BOOKMARK [1][]{section.1.1}{Testing and Consutancy Cell}{chapter.1}% 2
\BOOKMARK [0][]{chapter.2}{Introduction To Project}{}% 3
\BOOKMARK [1][]{section.2.1}{Introduction}{chapter.2}% 4
\BOOKMARK [1][]{section.2.2}{Introduction to CAD}{chapter.2}% 5
\BOOKMARK [2][]{subsection.2.2.1}{Introduction to LibreCAD}{section.2.2}% 6
\BOOKMARK [3][]{subsubsection.2.2.1.1}{Downloading Source Code}{subsection.2.2.1}% 7
\BOOKMARK [0][]{chapter.3}{Project Work}{}% 8
\BOOKMARK [1][]{section.3.1}{LibreCAD v3 Kernel Development}{chapter.3}% 9
\BOOKMARK [2][]{subsection.3.1.1}{Installation Guide}{section.3.1}% 10
\BOOKMARK [0][]{chapter.4}{Technologies Used}{}% 11
\BOOKMARK [1][]{section.4.1}{Introduction to Qt}{chapter.4}% 12
\BOOKMARK [1][]{section.4.2}{Working with Qt Creator}{chapter.4}% 13
\BOOKMARK [2][]{subsection.4.2.1}{Creating Projects}{section.4.2}% 14
\BOOKMARK [2][]{subsection.4.2.2}{Using Qt Quick Toolbars}{section.4.2}% 15
\BOOKMARK [2][]{subsection.4.2.3}{Deploying Applications to Mobile Devices}{section.4.2}% 16
\BOOKMARK [2][]{subsection.4.2.4}{Getting Help}{section.4.2}% 17
\BOOKMARK [2][]{subsection.4.2.5}{Features and Benefits}{section.4.2}% 18
\BOOKMARK [1][]{section.4.3}{Introduction to LaTeX}{chapter.4}% 19
\BOOKMARK [2][]{subsection.4.3.1}{Typesetting}{section.4.3}% 20
\BOOKMARK [2][]{subsection.4.3.2}{Installing LaTeX on System}{section.4.3}% 21
\BOOKMARK [2][]{subsection.4.3.3}{Graphical Editors for LaTeX}{section.4.3}% 22
\BOOKMARK [2][]{subsection.4.3.4}{Pdfscreen LaTeX}{section.4.3}% 23
\BOOKMARK [2][]{subsection.4.3.5}{Web based graphic generation using LaTeX}{section.4.3}% 24
\BOOKMARK [1][]{section.4.4}{Introduction to Cairo Graphics Library}{chapter.4}% 25
\BOOKMARK [0][]{chapter.5}{Project Legacy}{}% 26
\BOOKMARK [1][]{section.5.1}{Technical and Managerial Lesson Learnt}{chapter.5}% 27
